<?xml version="1.0" encoding="UTF-8"?>
<testsuites name="CarbonAndroidApp" time="223.26" tests="3" failures="0" skips="0" errors="0">
   <testsuite name="CarbonAndroidApp" tests="3" failures="0" errors="0" time="223.26" skips="0" timestamp="2021-11-01 23:51:02" hostname="John Kelvin - Gokada-L00597" id="Test Suites/CarbonAndroidApp">
      <properties>
         <property name="deviceName" value="TECNO MOBILE LIMITED TECNO KD7 (Android 10)"/>
         <property name="devicePlatform" value=""/>
         <property name="logFolder" value="C:\\Users\\user\\Katalon Studio\\CarbonAndroid\\Reports\\20211101_235053\\CarbonAndroidApp\\20211101_235053"/>
         <property name="logFiles" value="C:\\Users\\user\\Katalon Studio\\CarbonAndroid\\Reports\\20211101_235053\\CarbonAndroidApp\\20211101_235053\\appium.log, C:\\Users\\user\\Katalon Studio\\CarbonAndroid\\Reports\\20211101_235053\\CarbonAndroidApp\\20211101_235053\\execution0.log"/>
         <property name="attachments" value=""/>
         <property name="hostName" value="John Kelvin - Gokada-L00597"/>
         <property name="os" value="Windows 10 64bit"/>
         <property name="appiumServerStatus" value="{&quot;value&quot;:{&quot;build&quot;:{&quot;version&quot;:&quot;1.20.2&quot;}},&quot;sessionId&quot;:null,&quot;status&quot;:0}"/>
         <property name="katalonVersion" value="7.9.1.208"/>
         <property name="deviceOS" value="Android"/>
         <property name="appiumVersion" value="1.20.2"/>
         <property name="deviceModel" value="TECNO KD7"/>
         <property name="hostAddress" value="192.168.43.252"/>
         <property name="deviceManufacturer" value="TECNO MOBILE LIMITED"/>
         <property name="deviceId" value="060403712G006230"/>
         <property name="deviceName" value="TECNO MOBILE LIMITED TECNO KD7 (Android 10)"/>
         <property name="deviceOSVersion" value="10"/>
      </properties>
      <testcase name="Test Cases/signin" time="48.845" classname="Test Cases/signin" status="PASSED">
         <system-out><![CDATA[2021-11-01 23:51:03 - [TEST_CASE][PASSED] - Test Cases/signin: Test Cases/signin

2021-11-01 23:51:04 - [TEST_STEP][PASSED] - startApplication("C:\Users\user\Desktop\carbon\carbon_ng-v6.7.1_signed.apk", true): Started app at: 'C:\Users\user\Desktop\carbon\carbon_ng-v6.7.1_signed.apk'

2021-11-01 23:51:04 - [MESSAGE][INFO] - User set preference: ['automationName', 'UiAutomator2']

2021-11-01 23:51:04 - [MESSAGE][INFO] - User set preference: ['deviceId', '']

2021-11-01 23:51:06 - [MESSAGE][INFO] - Appium server started on port 61,752

2021-11-01 23:51:33 - [MESSAGE][PASSED] - Started app at: 'C:\Users\user\Desktop\carbon\carbon_ng-v6.7.1_signed.apk'

2021-11-01 23:51:33 - [TEST_STEP][PASSED] - tap(findTestObject("Object Repository/android.widget.Button - Skip"), 0): Tapped on element 'Object Repository/android.widget.Button - Skip'

2021-11-01 23:51:33 - [MESSAGE][WARNING] - Timeout '0' is invalid. Using default page load timeout: '30'

2021-11-01 23:51:36 - [MESSAGE][PASSED] - Tapped on element 'Object Repository/android.widget.Button - Skip'

2021-11-01 23:51:36 - [TEST_STEP][PASSED] - tap(findTestObject("Object Repository/android.widget.Button - Sign In"), 0): Tapped on element 'Object Repository/android.widget.Button - Sign In'

2021-11-01 23:51:36 - [MESSAGE][WARNING] - Timeout '0' is invalid. Using default page load timeout: '30'

2021-11-01 23:51:45 - [MESSAGE][PASSED] - Tapped on element 'Object Repository/android.widget.Button - Sign In'

2021-11-01 23:51:45 - [TEST_STEP][PASSED] - setText(findTestObject("Object Repository/android.widget.EditText - Phone number"), "08990001100", 0): Text '08990001100' has been set to element 'Object Repository/android.widget.EditText - Phone number'

2021-11-01 23:51:45 - [MESSAGE][WARNING] - Timeout '0' is invalid. Using default page load timeout: '30'

2021-11-01 23:51:47 - [MESSAGE][PASSED] - Text '08990001100' has been set to element 'Object Repository/android.widget.EditText - Phone number'

2021-11-01 23:51:47 - [TEST_STEP][PASSED] - tap(findTestObject("Object Repository/android.widget.EditText - Enter PIN"), 0): Tapped on element 'Object Repository/android.widget.EditText - Enter PIN'

2021-11-01 23:51:48 - [MESSAGE][WARNING] - Timeout '0' is invalid. Using default page load timeout: '30'

2021-11-01 23:51:48 - [MESSAGE][PASSED] - Tapped on element 'Object Repository/android.widget.EditText - Enter PIN'

2021-11-01 23:51:48 - [TEST_STEP][PASSED] - setText(findTestObject("Object Repository/android.widget.EditText - Enter PIN (1)"), "1234", 0): Text '1234' has been set to element 'Object Repository/android.widget.EditText - Enter PIN (1)'

2021-11-01 23:51:48 - [MESSAGE][WARNING] - Timeout '0' is invalid. Using default page load timeout: '30'

2021-11-01 23:51:51 - [MESSAGE][PASSED] - Text '1234' has been set to element 'Object Repository/android.widget.EditText - Enter PIN (1)'

2021-11-01 23:51:51 - [TEST_STEP][PASSED] - tap(findTestObject("Object Repository/android.widget.Button - Sign in (1)"), 0): Tapped on element 'Object Repository/android.widget.Button - Sign in (1)'

2021-11-01 23:51:51 - [MESSAGE][WARNING] - Timeout '0' is invalid. Using default page load timeout: '30'

2021-11-01 23:51:52 - [MESSAGE][PASSED] - Tapped on element 'Object Repository/android.widget.Button - Sign in (1)']]></system-out>
         <system-err><![CDATA[]]></system-err>
      </testcase>
      <testcase name="Test Cases/airtimeRechareg" time="94.519" classname="Test Cases/airtimeRechareg" status="PASSED">
         <system-out><![CDATA[2021-11-01 23:51:52 - [TEST_CASE][PASSED] - Test Cases/airtimeRechareg: Test Cases/airtimeRechareg

2021-11-01 23:51:53 - [TEST_STEP][PASSED] - startApplication("C:\Users\user\Desktop\carbon\carbon_ng-v6.7.1_signed.apk", true): Started app at: 'C:\Users\user\Desktop\carbon\carbon_ng-v6.7.1_signed.apk'

2021-11-01 23:51:53 - [MESSAGE][INFO] - User set preference: ['automationName', 'UiAutomator2']

2021-11-01 23:51:53 - [MESSAGE][INFO] - User set preference: ['deviceId', '']

2021-11-01 23:52:20 - [MESSAGE][PASSED] - Started app at: 'C:\Users\user\Desktop\carbon\carbon_ng-v6.7.1_signed.apk'

2021-11-01 23:52:20 - [TEST_STEP][PASSED] - tap(findTestObject("Object Repository/android.widget.Button - Skip"), 0): Tapped on element 'Object Repository/android.widget.Button - Skip'

2021-11-01 23:52:20 - [MESSAGE][WARNING] - Timeout '0' is invalid. Using default page load timeout: '30'

2021-11-01 23:52:24 - [MESSAGE][PASSED] - Tapped on element 'Object Repository/android.widget.Button - Skip'

2021-11-01 23:52:24 - [TEST_STEP][PASSED] - tap(findTestObject("Object Repository/android.widget.Button - Sign In"), 0): Tapped on element 'Object Repository/android.widget.Button - Sign In'

2021-11-01 23:52:24 - [MESSAGE][WARNING] - Timeout '0' is invalid. Using default page load timeout: '30'

2021-11-01 23:52:33 - [MESSAGE][PASSED] - Tapped on element 'Object Repository/android.widget.Button - Sign In'

2021-11-01 23:52:33 - [TEST_STEP][PASSED] - setText(findTestObject("Object Repository/android.widget.EditText - Phone number"), "08990001100", 0): Text '08990001100' has been set to element 'Object Repository/android.widget.EditText - Phone number'

2021-11-01 23:52:33 - [MESSAGE][WARNING] - Timeout '0' is invalid. Using default page load timeout: '30'

2021-11-01 23:52:34 - [MESSAGE][PASSED] - Text '08990001100' has been set to element 'Object Repository/android.widget.EditText - Phone number'

2021-11-01 23:52:34 - [TEST_STEP][PASSED] - tap(findTestObject("Object Repository/android.widget.EditText - Enter PIN"), 0): Tapped on element 'Object Repository/android.widget.EditText - Enter PIN'

2021-11-01 23:52:35 - [MESSAGE][WARNING] - Timeout '0' is invalid. Using default page load timeout: '30'

2021-11-01 23:52:36 - [MESSAGE][PASSED] - Tapped on element 'Object Repository/android.widget.EditText - Enter PIN'

2021-11-01 23:52:36 - [TEST_STEP][PASSED] - setText(findTestObject("Object Repository/android.widget.EditText - Enter PIN (1)"), "1234", 0): Text '1234' has been set to element 'Object Repository/android.widget.EditText - Enter PIN (1)'

2021-11-01 23:52:36 - [MESSAGE][WARNING] - Timeout '0' is invalid. Using default page load timeout: '30'

2021-11-01 23:52:38 - [MESSAGE][PASSED] - Text '1234' has been set to element 'Object Repository/android.widget.EditText - Enter PIN (1)'

2021-11-01 23:52:38 - [TEST_STEP][PASSED] - tap(findTestObject("Object Repository/android.widget.Button - Sign in (1)"), 0): Tapped on element 'Object Repository/android.widget.Button - Sign in (1)'

2021-11-01 23:52:38 - [MESSAGE][WARNING] - Timeout '0' is invalid. Using default page load timeout: '30'

2021-11-01 23:52:39 - [MESSAGE][PASSED] - Tapped on element 'Object Repository/android.widget.Button - Sign in (1)'

2021-11-01 23:52:39 - [TEST_STEP][PASSED] - pressBack(): Press back button successfully

2021-11-01 23:52:40 - [MESSAGE][PASSED] - Press back button successfully

2021-11-01 23:52:40 - [TEST_STEP][PASSED] - tap(findTestObject("Object Repository/android.widget.ImageView"), 0): Tapped on element 'Object Repository/android.widget.ImageView'

2021-11-01 23:52:40 - [MESSAGE][WARNING] - Timeout '0' is invalid. Using default page load timeout: '30'

2021-11-01 23:53:03 - [MESSAGE][PASSED] - Tapped on element 'Object Repository/android.widget.ImageView'

2021-11-01 23:53:03 - [TEST_STEP][PASSED] - setText(findTestObject("Object Repository/android.widget.EditText - e.g 08031234567"), "08990001100", 0): Text '08990001100' has been set to element 'Object Repository/android.widget.EditText - e.g 08031234567'

2021-11-01 23:53:03 - [MESSAGE][WARNING] - Timeout '0' is invalid. Using default page load timeout: '30'

2021-11-01 23:53:15 - [MESSAGE][PASSED] - Text '08990001100' has been set to element 'Object Repository/android.widget.EditText - e.g 08031234567'

2021-11-01 23:53:15 - [TEST_STEP][PASSED] - tap(findTestObject("Object Repository/android.widget.TextView - 1000"), 0): Tapped on element 'Object Repository/android.widget.TextView - 1000'

2021-11-01 23:53:15 - [MESSAGE][WARNING] - Timeout '0' is invalid. Using default page load timeout: '30'

2021-11-01 23:53:17 - [MESSAGE][PASSED] - Tapped on element 'Object Repository/android.widget.TextView - 1000'

2021-11-01 23:53:17 - [TEST_STEP][PASSED] - tap(findTestObject("Object Repository/android.widget.ImageView (1)"), 0): Tapped on element 'Object Repository/android.widget.ImageView (1)'

2021-11-01 23:53:18 - [MESSAGE][WARNING] - Timeout '0' is invalid. Using default page load timeout: '30'

2021-11-01 23:53:19 - [MESSAGE][PASSED] - Tapped on element 'Object Repository/android.widget.ImageView (1)'

2021-11-01 23:53:19 - [TEST_STEP][PASSED] - tap(findTestObject("Object Repository/android.widget.Button - Next"), 0): Tapped on element 'Object Repository/android.widget.Button - Next'

2021-11-01 23:53:19 - [MESSAGE][WARNING] - Timeout '0' is invalid. Using default page load timeout: '30'

2021-11-01 23:53:21 - [MESSAGE][PASSED] - Tapped on element 'Object Repository/android.widget.Button - Next'

2021-11-01 23:53:21 - [TEST_STEP][PASSED] - tap(findTestObject("Object Repository/android.widget.RadioButton (1)"), 0): Tapped on element 'Object Repository/android.widget.RadioButton (1)'

2021-11-01 23:53:21 - [MESSAGE][WARNING] - Timeout '0' is invalid. Using default page load timeout: '30'

2021-11-01 23:53:24 - [MESSAGE][PASSED] - Tapped on element 'Object Repository/android.widget.RadioButton (1)'

2021-11-01 23:53:24 - [TEST_STEP][PASSED] - tap(findTestObject("Object Repository/android.widget.TextView - Confirm payment"), 0): Tapped on element 'Object Repository/android.widget.TextView - Confirm payment'

2021-11-01 23:53:24 - [MESSAGE][WARNING] - Timeout '0' is invalid. Using default page load timeout: '30'

2021-11-01 23:53:25 - [MESSAGE][PASSED] - Tapped on element 'Object Repository/android.widget.TextView - Confirm payment'

2021-11-01 23:53:25 - [TEST_STEP][PASSED] - tap(findTestObject("Object Repository/android.widget.TextView - Securely pay  1,010.00"), 0): Tapped on element 'Object Repository/android.widget.TextView - Securely pay  1,010.00'

2021-11-01 23:53:25 - [MESSAGE][WARNING] - Timeout '0' is invalid. Using default page load timeout: '30'

2021-11-01 23:53:27 - [MESSAGE][PASSED] - Tapped on element 'Object Repository/android.widget.TextView - Securely pay  1,010.00']]></system-out>
         <system-err><![CDATA[]]></system-err>
      </testcase>
      <testcase name="Test Cases/fundWallet" time="77.819" classname="Test Cases/fundWallet" status="PASSED">
         <system-out><![CDATA[2021-11-01 23:53:27 - [TEST_CASE][PASSED] - Test Cases/fundWallet: Test Cases/fundWallet

2021-11-01 23:53:27 - [TEST_STEP][PASSED] - startApplication("C:\Users\user\Desktop\carbon\carbon_ng-v6.7.1_signed.apk", true): Started app at: 'C:\Users\user\Desktop\carbon\carbon_ng-v6.7.1_signed.apk'

2021-11-01 23:53:27 - [MESSAGE][INFO] - User set preference: ['automationName', 'UiAutomator2']

2021-11-01 23:53:27 - [MESSAGE][INFO] - User set preference: ['deviceId', '']

2021-11-01 23:53:54 - [MESSAGE][PASSED] - Started app at: 'C:\Users\user\Desktop\carbon\carbon_ng-v6.7.1_signed.apk'

2021-11-01 23:53:54 - [TEST_STEP][PASSED] - tap(findTestObject("Object Repository/android.widget.Button - Skip (3)"), 0): Tapped on element 'Object Repository/android.widget.Button - Skip (3)'

2021-11-01 23:53:54 - [MESSAGE][WARNING] - Timeout '0' is invalid. Using default page load timeout: '30'

2021-11-01 23:53:58 - [MESSAGE][PASSED] - Tapped on element 'Object Repository/android.widget.Button - Skip (3)'

2021-11-01 23:53:58 - [TEST_STEP][PASSED] - tap(findTestObject("Object Repository/android.widget.Button - Sign In (6)"), 0): Tapped on element 'Object Repository/android.widget.Button - Sign In (6)'

2021-11-01 23:53:58 - [MESSAGE][WARNING] - Timeout '0' is invalid. Using default page load timeout: '30'

2021-11-01 23:54:06 - [MESSAGE][PASSED] - Tapped on element 'Object Repository/android.widget.Button - Sign In (6)'

2021-11-01 23:54:06 - [TEST_STEP][PASSED] - setText(findTestObject("Object Repository/android.widget.EditText - Phone number (3)"), "08990001100", 0): Text '08990001100' has been set to element 'Object Repository/android.widget.EditText - Phone number (3)'

2021-11-01 23:54:06 - [MESSAGE][WARNING] - Timeout '0' is invalid. Using default page load timeout: '30'

2021-11-01 23:54:09 - [MESSAGE][PASSED] - Text '08990001100' has been set to element 'Object Repository/android.widget.EditText - Phone number (3)'

2021-11-01 23:54:09 - [TEST_STEP][PASSED] - tap(findTestObject("Object Repository/android.widget.EditText - Enter PIN (6)"), 0): Tapped on element 'Object Repository/android.widget.EditText - Enter PIN (6)'

2021-11-01 23:54:09 - [MESSAGE][WARNING] - Timeout '0' is invalid. Using default page load timeout: '30'

2021-11-01 23:54:10 - [MESSAGE][PASSED] - Tapped on element 'Object Repository/android.widget.EditText - Enter PIN (6)'

2021-11-01 23:54:10 - [TEST_STEP][PASSED] - setText(findTestObject("Object Repository/android.widget.EditText - Enter PIN (7)"), "1234", 0): Text '1234' has been set to element 'Object Repository/android.widget.EditText - Enter PIN (7)'

2021-11-01 23:54:10 - [MESSAGE][WARNING] - Timeout '0' is invalid. Using default page load timeout: '30'

2021-11-01 23:54:13 - [MESSAGE][PASSED] - Text '1234' has been set to element 'Object Repository/android.widget.EditText - Enter PIN (7)'

2021-11-01 23:54:13 - [TEST_STEP][PASSED] - tap(findTestObject("Object Repository/android.widget.Button - Sign in (7)"), 0): Tapped on element 'Object Repository/android.widget.Button - Sign in (7)'

2021-11-01 23:54:13 - [MESSAGE][WARNING] - Timeout '0' is invalid. Using default page load timeout: '30'

2021-11-01 23:54:15 - [MESSAGE][PASSED] - Tapped on element 'Object Repository/android.widget.Button - Sign in (7)'

2021-11-01 23:54:15 - [TEST_STEP][PASSED] - tap(findTestObject("Object Repository/android.widget.TextView - Fund Wallet"), 0): Tapped on element 'Object Repository/android.widget.TextView - Fund Wallet'

2021-11-01 23:54:15 - [MESSAGE][WARNING] - Timeout '0' is invalid. Using default page load timeout: '30'

2021-11-01 23:54:24 - [MESSAGE][PASSED] - Tapped on element 'Object Repository/android.widget.TextView - Fund Wallet'

2021-11-01 23:54:24 - [TEST_STEP][PASSED] - tap(findTestObject("Object Repository/android.widget.TextView - Add money with a debit card (2)"), 0): Tapped on element 'Object Repository/android.widget.TextView - Add money with a debit card (2)'

2021-11-01 23:54:24 - [MESSAGE][WARNING] - Timeout '0' is invalid. Using default page load timeout: '30'

2021-11-01 23:54:30 - [MESSAGE][PASSED] - Tapped on element 'Object Repository/android.widget.TextView - Add money with a debit card (2)'

2021-11-01 23:54:30 - [TEST_STEP][PASSED] - tap(findTestObject("Object Repository/android.widget.Button - Continue (1)"), 0): Tapped on element 'Object Repository/android.widget.Button - Continue (1)'

2021-11-01 23:54:30 - [MESSAGE][WARNING] - Timeout '0' is invalid. Using default page load timeout: '30'

2021-11-01 23:54:31 - [MESSAGE][PASSED] - Tapped on element 'Object Repository/android.widget.Button - Continue (1)'

2021-11-01 23:54:31 - [TEST_STEP][PASSED] - setText(findTestObject("Object Repository/android.widget.EditText - 0.00 (3)"), "1000", 0): Text '1000' has been set to element 'Object Repository/android.widget.EditText - 0.00 (3)'

2021-11-01 23:54:31 - [MESSAGE][WARNING] - Timeout '0' is invalid. Using default page load timeout: '30'

2021-11-01 23:54:33 - [MESSAGE][PASSED] - Text '1000' has been set to element 'Object Repository/android.widget.EditText - 0.00 (3)'

2021-11-01 23:54:33 - [TEST_STEP][PASSED] - tap(findTestObject("Object Repository/android.widget.Button - Proceed (2)"), 0): Tapped on element 'Object Repository/android.widget.Button - Proceed (2)'

2021-11-01 23:54:34 - [MESSAGE][WARNING] - Timeout '0' is invalid. Using default page load timeout: '30'

2021-11-01 23:54:34 - [MESSAGE][PASSED] - Tapped on element 'Object Repository/android.widget.Button - Proceed (2)'

2021-11-01 23:54:34 - [TEST_STEP][PASSED] - tap(findTestObject("Object Repository/android.widget.RadioButton (4)"), 0): Tapped on element 'Object Repository/android.widget.RadioButton (4)'

2021-11-01 23:54:35 - [MESSAGE][WARNING] - Timeout '0' is invalid. Using default page load timeout: '30'

2021-11-01 23:54:39 - [MESSAGE][PASSED] - Tapped on element 'Object Repository/android.widget.RadioButton (4)'

2021-11-01 23:54:39 - [TEST_STEP][PASSED] - tap(findTestObject("Object Repository/android.widget.TextView - Confirm payment (3)"), 0): Tapped on element 'Object Repository/android.widget.TextView - Confirm payment (3)'

2021-11-01 23:54:39 - [MESSAGE][WARNING] - Timeout '0' is invalid. Using default page load timeout: '30'

2021-11-01 23:54:40 - [MESSAGE][PASSED] - Tapped on element 'Object Repository/android.widget.TextView - Confirm payment (3)'

2021-11-01 23:54:40 - [TEST_STEP][PASSED] - tap(findTestObject("Object Repository/android.widget.TextView - Securely pay 1,010 (2)"), 0): Tapped on element 'Object Repository/android.widget.TextView - Securely pay 1,010 (2)'

2021-11-01 23:54:40 - [MESSAGE][WARNING] - Timeout '0' is invalid. Using default page load timeout: '30'

2021-11-01 23:54:42 - [MESSAGE][PASSED] - Tapped on element 'Object Repository/android.widget.TextView - Securely pay 1,010 (2)'

2021-11-01 23:54:42 - [TEST_STEP][PASSED] - closeApplication(): Close app successfully

2021-11-01 23:54:44 - [MESSAGE][PASSED] - Close app successfully]]></system-out>
         <system-err><![CDATA[]]></system-err>
      </testcase>
      <system-out><![CDATA[2021-11-01 23:51:02 - [TEST_SUITE][PASSED] - CarbonAndroidApp: Test Cases/fundWallet]]></system-out>
      <system-err><![CDATA[]]></system-err>
   </testsuite>
</testsuites>
