<?xml version="1.0" encoding="UTF-8"?>
<testsuites name="CarbonAndroidApp" time="138.774" tests="2" failures="0" skips="0" errors="0">
   <testsuite name="CarbonAndroidApp" tests="2" failures="0" errors="0" time="138.774" skips="0" timestamp="2021-11-01 21:53:43" hostname="John Kelvin - Gokada-L00597" id="Test Suites/CarbonAndroidApp">
      <properties>
         <property name="deviceName" value="TECNO MOBILE LIMITED TECNO KD7 (Android 10)"/>
         <property name="devicePlatform" value=""/>
         <property name="logFolder" value="C:\\Users\\user\\Katalon Studio\\CarbonAndroid\\Reports\\20211101_215334\\CarbonAndroidApp\\20211101_215334"/>
         <property name="logFiles" value="C:\\Users\\user\\Katalon Studio\\CarbonAndroid\\Reports\\20211101_215334\\CarbonAndroidApp\\20211101_215334\\appium.log, C:\\Users\\user\\Katalon Studio\\CarbonAndroid\\Reports\\20211101_215334\\CarbonAndroidApp\\20211101_215334\\execution0.log"/>
         <property name="attachments" value=""/>
         <property name="hostName" value="John Kelvin - Gokada-L00597"/>
         <property name="os" value="Windows 10 64bit"/>
         <property name="appiumServerStatus" value="{&quot;value&quot;:{&quot;build&quot;:{&quot;version&quot;:&quot;1.20.2&quot;}},&quot;sessionId&quot;:null,&quot;status&quot;:0}"/>
         <property name="katalonVersion" value="7.9.1.208"/>
         <property name="deviceOS" value="Android"/>
         <property name="appiumVersion" value="1.20.2"/>
         <property name="deviceModel" value="TECNO KD7"/>
         <property name="hostAddress" value="192.168.43.252"/>
         <property name="deviceManufacturer" value="TECNO MOBILE LIMITED"/>
         <property name="deviceId" value="060403712G006230"/>
         <property name="deviceName" value="TECNO MOBILE LIMITED TECNO KD7 (Android 10)"/>
         <property name="deviceOSVersion" value="10"/>
      </properties>
      <testcase name="Test Cases/signin" time="54.31" classname="Test Cases/signin" status="PASSED">
         <system-out><![CDATA[2021-11-01 21:53:45 - [TEST_CASE][PASSED] - Test Cases/signin: Test Cases/signin

2021-11-01 21:53:46 - [TEST_STEP][PASSED] - startApplication("C:\Users\user\Desktop\carbon\carbon_ng-v6.7.1_signed.apk", true): Started app at: 'C:\Users\user\Desktop\carbon\carbon_ng-v6.7.1_signed.apk'

2021-11-01 21:53:46 - [MESSAGE][INFO] - User set preference: ['automationName', 'UiAutomator2']

2021-11-01 21:53:46 - [MESSAGE][INFO] - User set preference: ['deviceId', '']

2021-11-01 21:53:49 - [MESSAGE][INFO] - Appium server started on port 53,572

2021-11-01 21:54:19 - [MESSAGE][PASSED] - Started app at: 'C:\Users\user\Desktop\carbon\carbon_ng-v6.7.1_signed.apk'

2021-11-01 21:54:19 - [TEST_STEP][PASSED] - tap(findTestObject("Object Repository/android.widget.Button - Skip"), 0): Tapped on element 'Object Repository/android.widget.Button - Skip'

2021-11-01 21:54:20 - [MESSAGE][WARNING] - Timeout '0' is invalid. Using default page load timeout: '30'

2021-11-01 21:54:23 - [MESSAGE][PASSED] - Tapped on element 'Object Repository/android.widget.Button - Skip'

2021-11-01 21:54:23 - [TEST_STEP][PASSED] - tap(findTestObject("Object Repository/android.widget.Button - Sign In"), 0): Tapped on element 'Object Repository/android.widget.Button - Sign In'

2021-11-01 21:54:23 - [MESSAGE][WARNING] - Timeout '0' is invalid. Using default page load timeout: '30'

2021-11-01 21:54:32 - [MESSAGE][PASSED] - Tapped on element 'Object Repository/android.widget.Button - Sign In'

2021-11-01 21:54:32 - [TEST_STEP][PASSED] - setText(findTestObject("Object Repository/android.widget.EditText - Phone number"), "08990001100", 0): Text '08990001100' has been set to element 'Object Repository/android.widget.EditText - Phone number'

2021-11-01 21:54:32 - [MESSAGE][WARNING] - Timeout '0' is invalid. Using default page load timeout: '30'

2021-11-01 21:54:34 - [MESSAGE][PASSED] - Text '08990001100' has been set to element 'Object Repository/android.widget.EditText - Phone number'

2021-11-01 21:54:34 - [TEST_STEP][PASSED] - tap(findTestObject("Object Repository/android.widget.EditText - Enter PIN"), 0): Tapped on element 'Object Repository/android.widget.EditText - Enter PIN'

2021-11-01 21:54:35 - [MESSAGE][WARNING] - Timeout '0' is invalid. Using default page load timeout: '30'

2021-11-01 21:54:36 - [MESSAGE][PASSED] - Tapped on element 'Object Repository/android.widget.EditText - Enter PIN'

2021-11-01 21:54:36 - [TEST_STEP][PASSED] - setText(findTestObject("Object Repository/android.widget.EditText - Enter PIN (1)"), "1234", 0): Text '1234' has been set to element 'Object Repository/android.widget.EditText - Enter PIN (1)'

2021-11-01 21:54:36 - [MESSAGE][WARNING] - Timeout '0' is invalid. Using default page load timeout: '30'

2021-11-01 21:54:38 - [MESSAGE][PASSED] - Text '1234' has been set to element 'Object Repository/android.widget.EditText - Enter PIN (1)'

2021-11-01 21:54:38 - [TEST_STEP][PASSED] - tap(findTestObject("Object Repository/android.widget.Button - Sign in (1)"), 0): Tapped on element 'Object Repository/android.widget.Button - Sign in (1)'

2021-11-01 21:54:38 - [MESSAGE][WARNING] - Timeout '0' is invalid. Using default page load timeout: '30'

2021-11-01 21:54:39 - [MESSAGE][PASSED] - Tapped on element 'Object Repository/android.widget.Button - Sign in (1)']]></system-out>
         <system-err><![CDATA[]]></system-err>
      </testcase>
      <testcase name="Test Cases/airtimeRechareg" time="82.467" classname="Test Cases/airtimeRechareg" status="PASSED">
         <system-out><![CDATA[2021-11-01 21:54:39 - [TEST_CASE][PASSED] - Test Cases/airtimeRechareg: Test Cases/airtimeRechareg

2021-11-01 21:54:40 - [TEST_STEP][PASSED] - startApplication("C:\Users\user\Desktop\carbon\carbon_ng-v6.7.1_signed.apk", true): Started app at: 'C:\Users\user\Desktop\carbon\carbon_ng-v6.7.1_signed.apk'

2021-11-01 21:54:40 - [MESSAGE][INFO] - User set preference: ['automationName', 'UiAutomator2']

2021-11-01 21:54:40 - [MESSAGE][INFO] - User set preference: ['deviceId', '']

2021-11-01 21:55:08 - [MESSAGE][PASSED] - Started app at: 'C:\Users\user\Desktop\carbon\carbon_ng-v6.7.1_signed.apk'

2021-11-01 21:55:08 - [TEST_STEP][PASSED] - tap(findTestObject("Object Repository/android.widget.Button - Skip"), 0): Tapped on element 'Object Repository/android.widget.Button - Skip'

2021-11-01 21:55:09 - [MESSAGE][WARNING] - Timeout '0' is invalid. Using default page load timeout: '30'

2021-11-01 21:55:12 - [MESSAGE][PASSED] - Tapped on element 'Object Repository/android.widget.Button - Skip'

2021-11-01 21:55:12 - [TEST_STEP][PASSED] - tap(findTestObject("Object Repository/android.widget.Button - Sign In"), 0): Tapped on element 'Object Repository/android.widget.Button - Sign In'

2021-11-01 21:55:12 - [MESSAGE][WARNING] - Timeout '0' is invalid. Using default page load timeout: '30'

2021-11-01 21:55:20 - [MESSAGE][PASSED] - Tapped on element 'Object Repository/android.widget.Button - Sign In'

2021-11-01 21:55:20 - [TEST_STEP][PASSED] - setText(findTestObject("Object Repository/android.widget.EditText - Phone number"), "08990001100", 0): Text '08990001100' has been set to element 'Object Repository/android.widget.EditText - Phone number'

2021-11-01 21:55:21 - [MESSAGE][WARNING] - Timeout '0' is invalid. Using default page load timeout: '30'

2021-11-01 21:55:23 - [MESSAGE][PASSED] - Text '08990001100' has been set to element 'Object Repository/android.widget.EditText - Phone number'

2021-11-01 21:55:23 - [TEST_STEP][PASSED] - tap(findTestObject("Object Repository/android.widget.EditText - Enter PIN"), 0): Tapped on element 'Object Repository/android.widget.EditText - Enter PIN'

2021-11-01 21:55:23 - [MESSAGE][WARNING] - Timeout '0' is invalid. Using default page load timeout: '30'

2021-11-01 21:55:24 - [MESSAGE][PASSED] - Tapped on element 'Object Repository/android.widget.EditText - Enter PIN'

2021-11-01 21:55:24 - [TEST_STEP][PASSED] - setText(findTestObject("Object Repository/android.widget.EditText - Enter PIN (1)"), "1234", 0): Text '1234' has been set to element 'Object Repository/android.widget.EditText - Enter PIN (1)'

2021-11-01 21:55:24 - [MESSAGE][WARNING] - Timeout '0' is invalid. Using default page load timeout: '30'

2021-11-01 21:55:27 - [MESSAGE][PASSED] - Text '1234' has been set to element 'Object Repository/android.widget.EditText - Enter PIN (1)'

2021-11-01 21:55:27 - [TEST_STEP][PASSED] - tap(findTestObject("Object Repository/android.widget.Button - Sign in (1)"), 0): Tapped on element 'Object Repository/android.widget.Button - Sign in (1)'

2021-11-01 21:55:27 - [MESSAGE][WARNING] - Timeout '0' is invalid. Using default page load timeout: '30'

2021-11-01 21:55:29 - [MESSAGE][PASSED] - Tapped on element 'Object Repository/android.widget.Button - Sign in (1)'

2021-11-01 21:55:29 - [TEST_STEP][PASSED] - pressBack(): Press back button successfully

2021-11-01 21:55:30 - [MESSAGE][PASSED] - Press back button successfully

2021-11-01 21:55:30 - [TEST_STEP][PASSED] - tap(findTestObject("Object Repository/android.widget.ImageView"), 0): Tapped on element 'Object Repository/android.widget.ImageView'

2021-11-01 21:55:30 - [MESSAGE][WARNING] - Timeout '0' is invalid. Using default page load timeout: '30'

2021-11-01 21:55:39 - [MESSAGE][PASSED] - Tapped on element 'Object Repository/android.widget.ImageView'

2021-11-01 21:55:39 - [TEST_STEP][PASSED] - setText(findTestObject("Object Repository/android.widget.EditText - e.g 08031234567"), "08990001100", 0): Text '08990001100' has been set to element 'Object Repository/android.widget.EditText - e.g 08031234567'

2021-11-01 21:55:39 - [MESSAGE][WARNING] - Timeout '0' is invalid. Using default page load timeout: '30'

2021-11-01 21:55:47 - [MESSAGE][PASSED] - Text '08990001100' has been set to element 'Object Repository/android.widget.EditText - e.g 08031234567'

2021-11-01 21:55:47 - [TEST_STEP][PASSED] - tap(findTestObject("Object Repository/android.widget.TextView - 1000"), 0): Tapped on element 'Object Repository/android.widget.TextView - 1000'

2021-11-01 21:55:47 - [MESSAGE][WARNING] - Timeout '0' is invalid. Using default page load timeout: '30'

2021-11-01 21:55:49 - [MESSAGE][PASSED] - Tapped on element 'Object Repository/android.widget.TextView - 1000'

2021-11-01 21:55:49 - [TEST_STEP][PASSED] - tap(findTestObject("Object Repository/android.widget.ImageView (1)"), 0): Tapped on element 'Object Repository/android.widget.ImageView (1)'

2021-11-01 21:55:50 - [MESSAGE][WARNING] - Timeout '0' is invalid. Using default page load timeout: '30'

2021-11-01 21:55:51 - [MESSAGE][PASSED] - Tapped on element 'Object Repository/android.widget.ImageView (1)'

2021-11-01 21:55:51 - [TEST_STEP][PASSED] - tap(findTestObject("Object Repository/android.widget.Button - Next"), 0): Tapped on element 'Object Repository/android.widget.Button - Next'

2021-11-01 21:55:51 - [MESSAGE][WARNING] - Timeout '0' is invalid. Using default page load timeout: '30'

2021-11-01 21:55:53 - [MESSAGE][PASSED] - Tapped on element 'Object Repository/android.widget.Button - Next'

2021-11-01 21:55:53 - [TEST_STEP][PASSED] - tap(findTestObject("Object Repository/android.widget.RadioButton (1)"), 0): Tapped on element 'Object Repository/android.widget.RadioButton (1)'

2021-11-01 21:55:53 - [MESSAGE][WARNING] - Timeout '0' is invalid. Using default page load timeout: '30'

2021-11-01 21:55:56 - [MESSAGE][PASSED] - Tapped on element 'Object Repository/android.widget.RadioButton (1)'

2021-11-01 21:55:56 - [TEST_STEP][PASSED] - tap(findTestObject("Object Repository/android.widget.TextView - Confirm payment"), 0): Tapped on element 'Object Repository/android.widget.TextView - Confirm payment'

2021-11-01 21:55:56 - [MESSAGE][WARNING] - Timeout '0' is invalid. Using default page load timeout: '30'

2021-11-01 21:55:57 - [MESSAGE][PASSED] - Tapped on element 'Object Repository/android.widget.TextView - Confirm payment'

2021-11-01 21:55:57 - [TEST_STEP][PASSED] - tap(findTestObject("Object Repository/android.widget.TextView - Securely pay  1,010.00"), 0): Tapped on element 'Object Repository/android.widget.TextView - Securely pay  1,010.00'

2021-11-01 21:55:57 - [MESSAGE][WARNING] - Timeout '0' is invalid. Using default page load timeout: '30'

2021-11-01 21:55:59 - [MESSAGE][PASSED] - Tapped on element 'Object Repository/android.widget.TextView - Securely pay  1,010.00'

2021-11-01 21:55:59 - [TEST_STEP][PASSED] - closeApplication(): Close app successfully

2021-11-01 21:56:02 - [MESSAGE][PASSED] - Close app successfully]]></system-out>
         <system-err><![CDATA[]]></system-err>
      </testcase>
      <system-out><![CDATA[2021-11-01 21:53:43 - [TEST_SUITE][PASSED] - CarbonAndroidApp: Test Cases/airtimeRechareg]]></system-out>
      <system-err><![CDATA[]]></system-err>
   </testsuite>
</testsuites>
